Determining if the pthread_create exist failed with the following output:
Change Dir: /home/hoqe4365/Documents/repos/optimisation/LMA_CUDA/build/CMakeFiles/CMakeTmp

Run Build Command(s):/usr/bin/make cmTC_c912e/fast 
/usr/bin/make -f CMakeFiles/cmTC_c912e.dir/build.make CMakeFiles/cmTC_c912e.dir/build
make[1]: Entering directory '/home/hoqe4365/Documents/repos/optimisation/LMA_CUDA/build/CMakeFiles/CMakeTmp'
Building C object CMakeFiles/cmTC_c912e.dir/CheckSymbolExists.c.o
/usr/bin/cc   -fPIC    -o CMakeFiles/cmTC_c912e.dir/CheckSymbolExists.c.o   -c /home/hoqe4365/Documents/repos/optimisation/LMA_CUDA/build/CMakeFiles/CMakeTmp/CheckSymbolExists.c
Linking C executable cmTC_c912e
/usr/local/bin/cmake -E cmake_link_script CMakeFiles/cmTC_c912e.dir/link.txt --verbose=1
/usr/bin/cc -fPIC     -rdynamic CMakeFiles/cmTC_c912e.dir/CheckSymbolExists.c.o  -o cmTC_c912e 
CMakeFiles/cmTC_c912e.dir/CheckSymbolExists.c.o: In function `main':
CheckSymbolExists.c:(.text+0x1b): undefined reference to `pthread_create'
collect2: error: ld returned 1 exit status
CMakeFiles/cmTC_c912e.dir/build.make:86: recipe for target 'cmTC_c912e' failed
make[1]: *** [cmTC_c912e] Error 1
make[1]: Leaving directory '/home/hoqe4365/Documents/repos/optimisation/LMA_CUDA/build/CMakeFiles/CMakeTmp'
Makefile:121: recipe for target 'cmTC_c912e/fast' failed
make: *** [cmTC_c912e/fast] Error 2

File /home/hoqe4365/Documents/repos/optimisation/LMA_CUDA/build/CMakeFiles/CMakeTmp/CheckSymbolExists.c:
/* */
#include <pthread.h>

int main(int argc, char** argv)
{
  (void)argv;
#ifndef pthread_create
  return ((int*)(&pthread_create))[argc];
#else
  (void)argc;
  return 0;
#endif
}

Determining if the function pthread_create exists in the pthreads failed with the following output:
Change Dir: /home/hoqe4365/Documents/repos/optimisation/LMA_CUDA/build/CMakeFiles/CMakeTmp

Run Build Command(s):/usr/bin/make cmTC_273e5/fast 
/usr/bin/make -f CMakeFiles/cmTC_273e5.dir/build.make CMakeFiles/cmTC_273e5.dir/build
make[1]: Entering directory '/home/hoqe4365/Documents/repos/optimisation/LMA_CUDA/build/CMakeFiles/CMakeTmp'
Building C object CMakeFiles/cmTC_273e5.dir/CheckFunctionExists.c.o
/usr/bin/cc   -fPIC -DCHECK_FUNCTION_EXISTS=pthread_create   -o CMakeFiles/cmTC_273e5.dir/CheckFunctionExists.c.o   -c /usr/local/share/cmake-3.14/Modules/CheckFunctionExists.c
Linking C executable cmTC_273e5
/usr/local/bin/cmake -E cmake_link_script CMakeFiles/cmTC_273e5.dir/link.txt --verbose=1
/usr/bin/cc -fPIC -DCHECK_FUNCTION_EXISTS=pthread_create    -rdynamic CMakeFiles/cmTC_273e5.dir/CheckFunctionExists.c.o  -o cmTC_273e5 -lpthreads 
/usr/bin/ld: cannot find -lpthreads
collect2: error: ld returned 1 exit status
CMakeFiles/cmTC_273e5.dir/build.make:86: recipe for target 'cmTC_273e5' failed
make[1]: *** [cmTC_273e5] Error 1
make[1]: Leaving directory '/home/hoqe4365/Documents/repos/optimisation/LMA_CUDA/build/CMakeFiles/CMakeTmp'
Makefile:121: recipe for target 'cmTC_273e5/fast' failed
make: *** [cmTC_273e5/fast] Error 2


