Determining if the pthread_create exist failed with the following output:
Change Dir: /home/hoqe4365/Documents/repos/optimisation/GNA_example/build/CMakeFiles/CMakeTmp

Run Build Command(s):/usr/bin/make cmTC_3cf0d/fast 
/usr/bin/make -f CMakeFiles/cmTC_3cf0d.dir/build.make CMakeFiles/cmTC_3cf0d.dir/build
make[1]: Entering directory '/home/hoqe4365/Documents/repos/optimisation/GNA_example/build/CMakeFiles/CMakeTmp'
Building C object CMakeFiles/cmTC_3cf0d.dir/CheckSymbolExists.c.o
/usr/bin/cc   -fPIC    -o CMakeFiles/cmTC_3cf0d.dir/CheckSymbolExists.c.o   -c /home/hoqe4365/Documents/repos/optimisation/GNA_example/build/CMakeFiles/CMakeTmp/CheckSymbolExists.c
Linking C executable cmTC_3cf0d
/usr/local/bin/cmake -E cmake_link_script CMakeFiles/cmTC_3cf0d.dir/link.txt --verbose=1
/usr/bin/cc -fPIC     -rdynamic CMakeFiles/cmTC_3cf0d.dir/CheckSymbolExists.c.o  -o cmTC_3cf0d 
CMakeFiles/cmTC_3cf0d.dir/CheckSymbolExists.c.o: In function `main':
CheckSymbolExists.c:(.text+0x1b): undefined reference to `pthread_create'
collect2: error: ld returned 1 exit status
CMakeFiles/cmTC_3cf0d.dir/build.make:86: recipe for target 'cmTC_3cf0d' failed
make[1]: *** [cmTC_3cf0d] Error 1
make[1]: Leaving directory '/home/hoqe4365/Documents/repos/optimisation/GNA_example/build/CMakeFiles/CMakeTmp'
Makefile:121: recipe for target 'cmTC_3cf0d/fast' failed
make: *** [cmTC_3cf0d/fast] Error 2

File /home/hoqe4365/Documents/repos/optimisation/GNA_example/build/CMakeFiles/CMakeTmp/CheckSymbolExists.c:
/* */
#include <pthread.h>

int main(int argc, char** argv)
{
  (void)argv;
#ifndef pthread_create
  return ((int*)(&pthread_create))[argc];
#else
  (void)argc;
  return 0;
#endif
}

Determining if the function pthread_create exists in the pthreads failed with the following output:
Change Dir: /home/hoqe4365/Documents/repos/optimisation/GNA_example/build/CMakeFiles/CMakeTmp

Run Build Command(s):/usr/bin/make cmTC_ff48b/fast 
/usr/bin/make -f CMakeFiles/cmTC_ff48b.dir/build.make CMakeFiles/cmTC_ff48b.dir/build
make[1]: Entering directory '/home/hoqe4365/Documents/repos/optimisation/GNA_example/build/CMakeFiles/CMakeTmp'
Building C object CMakeFiles/cmTC_ff48b.dir/CheckFunctionExists.c.o
/usr/bin/cc   -fPIC -DCHECK_FUNCTION_EXISTS=pthread_create   -o CMakeFiles/cmTC_ff48b.dir/CheckFunctionExists.c.o   -c /usr/local/share/cmake-3.14/Modules/CheckFunctionExists.c
Linking C executable cmTC_ff48b
/usr/local/bin/cmake -E cmake_link_script CMakeFiles/cmTC_ff48b.dir/link.txt --verbose=1
/usr/bin/cc -fPIC -DCHECK_FUNCTION_EXISTS=pthread_create    -rdynamic CMakeFiles/cmTC_ff48b.dir/CheckFunctionExists.c.o  -o cmTC_ff48b -lpthreads 
/usr/bin/ld: cannot find -lpthreads
collect2: error: ld returned 1 exit status
CMakeFiles/cmTC_ff48b.dir/build.make:86: recipe for target 'cmTC_ff48b' failed
make[1]: *** [cmTC_ff48b] Error 1
make[1]: Leaving directory '/home/hoqe4365/Documents/repos/optimisation/GNA_example/build/CMakeFiles/CMakeTmp'
Makefile:121: recipe for target 'cmTC_ff48b/fast' failed
make: *** [cmTC_ff48b/fast] Error 2


